make all --print-data-base --no-builtin-variables --no-builtin-rules --question
make: *** No rule to make target 'all'.  Stop.

# GNU Make 4.3
# Built for x86_64-pc-linux-gnu
# Copyright (C) 1988-2020 Free Software Foundation, Inc.
# License GPLv3+: GNU GPL version 3 or later <http://gnu.org/licenses/gpl.html>
# This is free software: you are free to change and redistribute it.
# There is NO WARRANTY, to the extent permitted by law.

# Make data base, printed on Mon Jun 13 17:22:06 2022

# Variables

# makefile (from 'makefile', line 9)
OBJ = obj
# environment
GDK_BACKEND = x11
# environment
LC_ALL = C
# makefile (from 'makefile', line 6)
SRC = src
# environment
GTK_RC_FILES = /etc/gtk/gtkrc:/home/juho/.gtkrc:/home/juho/.config/gtkrc
# makefile (from 'makefile', line 12)
BINDIR = bin
# environment
VSCODE_IPC_HOOK_EXTHOST = /run/user/1000/vscode-ipc-dbc4ef2b-0816-4660-9d1f-2c03c8ddf11c.sock
# environment
MANDATORY_PATH = /usr/share/gconf/plasma.mandatory.path
# environment
LC_NAME = fi_FI.UTF-8
# environment
LC_NUMERIC = fi_FI.UTF-8
# environment
VSCODE_CWD = /home/juho
# makefile (from 'makefile', line 4)
LIBS = -lncurses
# environment
LC_ADDRESS = fi_FI.UTF-8
# default
MAKE_COMMAND := make
# environment
QT_ACCESSIBILITY = 1
# automatic
@D = $(patsubst %/,%,$(dir $@))
# environment
VSCODE_HANDLES_UNCAUGHT_ERRORS = true
# default
.VARIABLES := 
# environment
PWD = /home/juho/couding/cpp/ConsoleApps/file
# automatic
%D = $(patsubst %/,%,$(dir $%))
# environment
XDG_DATA_DIRS = /usr/share/plasma:/usr/share/gnome:/home/juho/.local/share/flatpak/exports/share:/var/lib/flatpak/exports/share:/usr/local/share:/usr/share:/var/lib/snapd/desktop
# automatic
^D = $(patsubst %/,%,$(dir $^))
# environment
VSCODE_LOG_STACK = false
# automatic
%F = $(notdir $%)
# environment
VSCODE_CODE_CACHE_PATH = /home/juho/.config/Code/CachedData/4af164ea3a06f701fe3e89a2bcbb421d2026b68f
# environment
XDG_SESSION_PATH = /org/freedesktop/DisplayManager/Session1
# environment
LANG = C
# environment
XAUTHORITY = /home/juho/.Xauthority
# default
.LOADED := 
# default
.INCLUDE_DIRS = /usr/local/include /usr/include /usr/include
# makefile
MAKEFLAGS = pqrR
# environment
DEVKITARM = /opt/devkitpro/devkitARM
# makefile
CURDIR := /home/juho/couding/cpp/ConsoleApps/file
# environment
VSCODE_PIPE_LOGGING = true
# environment
APPLICATION_INSIGHTS_NO_DIAGNOSTIC_CHANNEL = true
# makefile (from 'makefile', line 7)
SRCS = $(wildcard $(SRC)/*.cpp)
# automatic
*D = $(patsubst %/,%,$(dir $*))
# environment
PAM_KWALLET5_LOGIN = /run/user/1000/kwallet5.socket
# environment
MFLAGS = -pqrR
# environment
SSH_AUTH_SOCK = /tmp/ssh-XXXXXXaKNtMK/agent.1097
# default
.SHELLFLAGS := -c
# environment
XDG_CONFIG_DIRS = /home/juho/.config/kdedefaults:/etc/xdg/xdg-plasma:/etc/xdg:/usr/share/kubuntu-default-settings/kf5-settings
# automatic
+D = $(patsubst %/,%,$(dir $+))
# environment
XCURSOR_THEME = breeze_cursors
# environment
XDG_SESSION_DESKTOP = KDE
# makefile (from 'makefile', line 1)
MAKEFILE_LIST := makefile
# automatic
@F = $(notdir $@)
# environment
VSCODE_VERBOSE_LOGGING = true
# environment
VSCODE_PID = 11795
# environment
SDL_VIDEO_MINIMIZE_ON_FOCUS_LOSS = 0
# environment
XDG_SESSION_TYPE = x11
# automatic
?D = $(patsubst %/,%,$(dir $?))
# environment
DEVKITPPC = /opt/devkitpro/devkitPPC
# environment
SESSION_MANAGER = local/jutnKubuntu:@/tmp/.ICE-unix/1442,unix/jutnKubuntu:/tmp/.ICE-unix/1442
# automatic
*F = $(notdir $*)
# environment
CHROME_DESKTOP = code-url-handler.desktop
# environment
DBUS_SESSION_BUS_ADDRESS = unix:path=/run/user/1000/bus
# automatic
<D = $(patsubst %/,%,$(dir $<))
# environment
VSCODE_NLS_CONFIG = {"locale":"en-us","availableLanguages":{},"_languagePackSupport":true}
# default
MAKE_HOST := x86_64-pc-linux-gnu
# makefile (from 'makefile', line 10)
OBJS = $(patsubst $(SRC)/%.cpp, $(OBJ)/%.o, $(SRCS))
# makefile
SHELL = /bin/sh
# default
MAKECMDGOALS := all
# environment
MAKELEVEL := 0
# default
MAKE = $(MAKE_COMMAND)
# environment
PATH = /home/juho/.cargo/bin:/opt/devkitpro/tools/bin:/usr/local/sbin:/usr/local/bin:/usr/sbin:/usr/bin:/sbin:/bin:/usr/games:/usr/local/games:/snap/bin
# default
MAKEFILES := 
# environment
LC_MONETARY = fi_FI.UTF-8
# automatic
^F = $(notdir $^)
# environment
LC_TIME = fi_FI.UTF-8
# environment
INVOCATION_ID = 0179915aaa5449c39f5b3130ff2e4f16
# environment
VSCODE_LOG_NATIVE = false
# environment
LC_TELEPHONE = fi_FI.UTF-8
# automatic
?F = $(notdir $?)
# environment
KDE_APPLICATIONS_AS_SCOPE = 1
# environment
DEVKITPRO = /opt/devkitpro
# environment
XDG_SEAT = seat0
# environment
XDG_CURRENT_DESKTOP = KDE
# automatic
+F = $(notdir $+)
# environment
XDG_SEAT_PATH = /org/freedesktop/DisplayManager/Seat0
# environment
DESKTOP_SESSION = plasma
# environment
ORIGINAL_XDG_CURRENT_DESKTOP = KDE
# 'override' directive
GNUMAKEFLAGS := 
# environment
LOGNAME = juho
# environment
XDG_VTNR = 1
# makefile
.DEFAULT_GOAL := bin/file
# environment
SYSTEMD_EXEC_PID = 1732
# environment
DISPLAY = :0
# environment
USER = juho
# environment
DEFAULTS_PATH = /usr/share/gconf/plasma.default.path
# environment
KDE_SESSION_UID = 1000
# default
MAKE_VERSION := 4.3
# environment
MANAGERPID = 1073
# environment
LC_MEASUREMENT = fi_FI.UTF-8
# environment
SSH_AGENT_PID = 1218
# environment
LC_PAPER = fi_FI.UTF-8
# makefile (from 'makefile', line 13)
BIN = $(BINDIR)/file
# environment
XDG_RUNTIME_DIR = /run/user/1000
# environment
GPG_AGENT_INFO = /run/user/1000/gnupg/S.gpg-agent:0:1
# environment
JOURNAL_STREAM = 8:37030
# makefile (from 'makefile', line 2)
Cflags = -g
# environment
XDG_SESSION_CLASS = user
# environment
VSCODE_AMD_ENTRYPOINT = vs/workbench/api/node/extensionHostProcess
# environment
GTK2_RC_FILES = /etc/gtk-2.0/gtkrc:/home/juho/.gtkrc-2.0:/home/juho/.config/gtkrc-2.0
# environment
HOME = /home/juho
# environment
ELECTRON_RUN_AS_NODE = 1
# environment
VSCODE_IPC_HOOK = /run/user/1000/vscode-e992050b-1.68.0-main.sock
# environment
XDG_SESSION_ID = 3
# environment
XCURSOR_SIZE = 24
# environment
IM_CONFIG_PHASE = 1
# default
.RECIPEPREFIX := 
# automatic
<F = $(notdir $<)
# default
SUFFIXES := 
# environment
QT_AUTO_SCREEN_SCALE_FACTOR = 0
# environment
KDE_SESSION_VERSION = 5
# default
.FEATURES := target-specific order-only second-expansion else-if shortest-stem undefine oneshell nocomment grouped-target extra-prereqs archives jobserver output-sync check-symlink load
# makefile (from 'makefile', line 1)
CC = g++
# environment
KDE_FULL_SESSION = true
# environment
LC_IDENTIFICATION = fi_FI.UTF-8
# variable set hash-table stats:
# Load=119/1024=12%, Rehash=0, Collisions=17/163=10%

# Pattern-specific Variable Values

# No pattern-specific variable values.

# Directories

# src (device 66308, inode 5800357): 3 files, no impossibilities.
# . (device 66308, inode 5800032): 12 files, no impossibilities.

# 15 files, no impossibilities in 2 directories.

# Implicit Rules

# No implicit rules.

# Files

obj/main.o: src/main.cpp
#  Implicit rule search has not been done.
#  Modification time never checked.
#  File has not been updated.
#  recipe to execute (from 'makefile', line 19):
	$(CC) $(Cflags) -c $< -o $@

# Not a target:
src/main.cpp:
#  Implicit rule search has not been done.
#  Modification time never checked.
#  File has not been updated.

clean:
#  Implicit rule search has not been done.
#  Modification time never checked.
#  File has not been updated.
#  recipe to execute (from 'makefile', line 22):
	rm $(BINDIR)/* $(OBJ)/*

bin/file: obj/main.o
#  Implicit rule search has not been done.
#  Modification time never checked.
#  File has not been updated.
#  recipe to execute (from 'makefile', line 16):
	$(CC) $(Cflags) $(OBJS) -o $@ $(LIBS)

# Not a target:
 
.DEFAULT:
#  Implicit rule search has not been done.
#  Modification time never checked.
#  File has not been updated.

# Not a target:
all:
#  Command line target.
#  Implicit rule search has been done.
#  File does not exist.
#  File has not been updated.

# Not a target:
makefile:
#  Implicit rule search has been done.
#  Last modified 2022-06-13 17:19:26.967485536
#  File has been updated.
#  Successfully updated.

# files hash-table stats:
# Load=8/1024=1%, Rehash=0, Collisions=0/21=0%
# VPATH Search Paths

# No 'vpath' search paths.

# No general ('VPATH' variable) search path.

# strcache buffers: 1 (0) / strings = 22 / storage = 179 B / avg = 8 B
# current buf: size = 8162 B / used = 179 B / count = 22 / avg = 8 B

# strcache performance: lookups = 33 / hit rate = 33%
# hash-table stats:
# Load=22/8192=0%, Rehash=0, Collisions=0/33=0%
# Finished Make data base on Mon Jun 13 17:22:06 2022

 
